
targil_5: system execution failed.
Following is the set of recorded exceptions:

******************************** Thread exception *****************************
In thread           Root thread            0x0 (thread id)
*******************************************************************************
-------------------------------------------------------------------------------
Class / Object      Routine                Nature of exception           Effect
-------------------------------------------------------------------------------
ARRAY2              item @1                valid_row:                   
<00000000040460E0>                         Precondition violated.        Fail
-------------------------------------------------------------------------------
APPLICATION         parseexpressionlist @18
<0000000003F30418>                         Routine failure.              Fail
-------------------------------------------------------------------------------
APPLICATION         parsesubroutinecall @36
<0000000003F30418>                         Routine failure.              Fail
-------------------------------------------------------------------------------
APPLICATION         parsedostatement @6                                 
<0000000003F30418>                         Routine failure.              Fail
-------------------------------------------------------------------------------
APPLICATION         parsestatement @12                                  
<0000000003F30418>                         Routine failure.              Fail
-------------------------------------------------------------------------------
APPLICATION         parsestatements @6                                  
<0000000003F30418>                         Routine failure.              Fail
-------------------------------------------------------------------------------
APPLICATION         parsesubroutinebody @14
<0000000003F30418>                         Routine failure.              Fail
-------------------------------------------------------------------------------
APPLICATION         parsesubroutinedec @21                              
<0000000003F30418>                         Routine failure.              Fail
-------------------------------------------------------------------------------
APPLICATION         parseclass @10                                      
<0000000003F30418>                         Routine failure.              Fail
-------------------------------------------------------------------------------
APPLICATION         scannning @26                                       
<0000000003F30418>                         Routine failure.              Fail
-------------------------------------------------------------------------------
APPLICATION         make @7                                             
<0000000003F30418>                         Routine failure.              Fail
-------------------------------------------------------------------------------
APPLICATION         root's creation                                     
<0000000003F30418>                         Routine failure.              Exit
-------------------------------------------------------------------------------
